2025-09-04 13:00:50,775 - INFO - 브라우저 초기화 시도 1/3
2025-09-04 13:00:51,264 - INFO - patching driver executable /Users/brich/Library/Application Support/undetected_chromedriver/undetected_chromedriver
2025-09-04 13:00:52,035 - ERROR - 브라우저 초기화 실패 (시도 1): Message: invalid argument: cannot parse capability: goog:chromeOptions
from invalid argument: unrecognized chrome option: excludeSwitches
Stacktrace:
0   undetected_chromedriver             0x00000001087a6068 undetected_chromedriver + 6361192
1   undetected_chromedriver             0x000000010879d76a undetected_chromedriver + 6326122
2   undetected_chromedriver             0x00000001081fdc20 undetected_chromedriver + 429088
3   undetected_chromedriver             0x000000010822ac1f undetected_chromedriver + 613407
4   undetected_chromedriver             0x000000010822c1b5 undetected_chromedriver + 618933
5   undetected_chromedriver             0x0000000108227266 undetected_chromedriver + 598630
6   undetected_chromedriver             0x000000010828252c undetected_chromedriver + 972076
7   undetected_chromedriver             0x0000000108281e6e undetected_chromedriver + 970350
8   undetected_chromedriver             0x0000000108283ab3 undetected_chromedriver + 977587
9   undetected_chromedriver             0x0000000108283866 undetected_chromedriver + 976998
10  undetected_chromedriver             0x0000000108275bd3 undetected_chromedriver + 920531
11  undetected_chromedriver             0x00000001082418ff undetected_chromedriver + 706815
12  undetected_chromedriver             0x0000000108242dc1 undetected_chromedriver + 712129
13  undetected_chromedriver             0x0000000108764000 undetected_chromedriver + 6090752
14  undetected_chromedriver             0x0000000108767e95 undetected_chromedriver + 6106773
15  undetected_chromedriver             0x000000010873f2c7 undetected_chromedriver + 5939911
16  undetected_chromedriver             0x000000010876890f undetected_chromedriver + 6109455
17  undetected_chromedriver             0x000000010872e634 undetected_chromedriver + 5871156
18  undetected_chromedriver             0x000000010878aab8 undetected_chromedriver + 6249144
19  undetected_chromedriver             0x000000010878ac7c undetected_chromedriver + 6249596
20  undetected_chromedriver             0x000000010879d341 undetected_chromedriver + 6325057
21  libsystem_pthread.dylib             0x00007ff815fdb18b _pthread_start + 99
22  libsystem_pthread.dylib             0x00007ff815fd6ae3 thread_start + 15

2025-09-04 13:01:26,513 - INFO - 브라우저 초기화 시도 1/3
2025-09-04 13:01:27,699 - INFO - patching driver executable /Users/brich/Library/Application Support/undetected_chromedriver/undetected_chromedriver
2025-09-04 13:01:28,382 - ERROR - 브라우저 초기화 실패 (시도 1): Message: invalid argument: cannot parse capability: goog:chromeOptions
from invalid argument: unrecognized chrome option: excludeSwitches
Stacktrace:
0   undetected_chromedriver             0x0000000108835068 undetected_chromedriver + 6361192
1   undetected_chromedriver             0x000000010882c76a undetected_chromedriver + 6326122
2   undetected_chromedriver             0x000000010828cc20 undetected_chromedriver + 429088
3   undetected_chromedriver             0x00000001082b9c1f undetected_chromedriver + 613407
4   undetected_chromedriver             0x00000001082bb1b5 undetected_chromedriver + 618933
5   undetected_chromedriver             0x00000001082b6266 undetected_chromedriver + 598630
6   undetected_chromedriver             0x000000010831152c undetected_chromedriver + 972076
7   undetected_chromedriver             0x0000000108310e6e undetected_chromedriver + 970350
8   undetected_chromedriver             0x0000000108312ab3 undetected_chromedriver + 977587
9   undetected_chromedriver             0x0000000108312866 undetected_chromedriver + 976998
10  undetected_chromedriver             0x0000000108304bd3 undetected_chromedriver + 920531
11  undetected_chromedriver             0x00000001082d08ff undetected_chromedriver + 706815
12  undetected_chromedriver             0x00000001082d1dc1 undetected_chromedriver + 712129
13  undetected_chromedriver             0x00000001087f3000 undetected_chromedriver + 6090752
14  undetected_chromedriver             0x00000001087f6e95 undetected_chromedriver + 6106773
15  undetected_chromedriver             0x00000001087ce2c7 undetected_chromedriver + 5939911
16  undetected_chromedriver             0x00000001087f790f undetected_chromedriver + 6109455
17  undetected_chromedriver             0x00000001087bd634 undetected_chromedriver + 5871156
18  undetected_chromedriver             0x0000000108819ab8 undetected_chromedriver + 6249144
19  undetected_chromedriver             0x0000000108819c7c undetected_chromedriver + 6249596
20  undetected_chromedriver             0x000000010882c341 undetected_chromedriver + 6325057
21  libsystem_pthread.dylib             0x00007ff815fdb18b _pthread_start + 99
22  libsystem_pthread.dylib             0x00007ff815fd6ae3 thread_start + 15

2025-09-04 13:01:33,388 - INFO - 브라우저 초기화 시도 2/3
2025-09-04 13:01:33,811 - INFO - patching driver executable /Users/brich/Library/Application Support/undetected_chromedriver/undetected_chromedriver
2025-09-04 13:01:34,568 - ERROR - 브라우저 초기화 실패 (시도 2): Message: invalid argument: cannot parse capability: goog:chromeOptions
from invalid argument: unrecognized chrome option: excludeSwitches
Stacktrace:
0   undetected_chromedriver             0x0000000105081068 undetected_chromedriver + 6361192
1   undetected_chromedriver             0x000000010507876a undetected_chromedriver + 6326122
2   undetected_chromedriver             0x0000000104ad8c20 undetected_chromedriver + 429088
3   undetected_chromedriver             0x0000000104b05c1f undetected_chromedriver + 613407
4   undetected_chromedriver             0x0000000104b071b5 undetected_chromedriver + 618933
5   undetected_chromedriver             0x0000000104b02266 undetected_chromedriver + 598630
6   undetected_chromedriver             0x0000000104b5d52c undetected_chromedriver + 972076
7   undetected_chromedriver             0x0000000104b5ce6e undetected_chromedriver + 970350
8   undetected_chromedriver             0x0000000104b5eab3 undetected_chromedriver + 977587
9   undetected_chromedriver             0x0000000104b5e866 undetected_chromedriver + 976998
10  undetected_chromedriver             0x0000000104b50bd3 undetected_chromedriver + 920531
11  undetected_chromedriver             0x0000000104b1c8ff undetected_chromedriver + 706815
12  undetected_chromedriver             0x0000000104b1ddc1 undetected_chromedriver + 712129
13  undetected_chromedriver             0x000000010503f000 undetected_chromedriver + 6090752
14  undetected_chromedriver             0x0000000105042e95 undetected_chromedriver + 6106773
15  undetected_chromedriver             0x000000010501a2c7 undetected_chromedriver + 5939911
16  undetected_chromedriver             0x000000010504390f undetected_chromedriver + 6109455
17  undetected_chromedriver             0x0000000105009634 undetected_chromedriver + 5871156
18  undetected_chromedriver             0x0000000105065ab8 undetected_chromedriver + 6249144
19  undetected_chromedriver             0x0000000105065c7c undetected_chromedriver + 6249596
20  undetected_chromedriver             0x0000000105078341 undetected_chromedriver + 6325057
21  libsystem_pthread.dylib             0x00007ff815fdb18b _pthread_start + 99
22  libsystem_pthread.dylib             0x00007ff815fd6ae3 thread_start + 15

2025-09-04 13:01:39,572 - INFO - 브라우저 초기화 시도 3/3
2025-09-04 13:01:39,951 - INFO - patching driver executable /Users/brich/Library/Application Support/undetected_chromedriver/undetected_chromedriver
2025-09-04 13:01:40,612 - ERROR - 브라우저 초기화 실패 (시도 3): Message: invalid argument: cannot parse capability: goog:chromeOptions
from invalid argument: unrecognized chrome option: excludeSwitches
Stacktrace:
0   undetected_chromedriver             0x000000010b9fe068 undetected_chromedriver + 6361192
1   undetected_chromedriver             0x000000010b9f576a undetected_chromedriver + 6326122
2   undetected_chromedriver             0x000000010b455c20 undetected_chromedriver + 429088
3   undetected_chromedriver             0x000000010b482c1f undetected_chromedriver + 613407
4   undetected_chromedriver             0x000000010b4841b5 undetected_chromedriver + 618933
5   undetected_chromedriver             0x000000010b47f266 undetected_chromedriver + 598630
6   undetected_chromedriver             0x000000010b4da52c undetected_chromedriver + 972076
7   undetected_chromedriver             0x000000010b4d9e6e undetected_chromedriver + 970350
8   undetected_chromedriver             0x000000010b4dbab3 undetected_chromedriver + 977587
9   undetected_chromedriver             0x000000010b4db866 undetected_chromedriver + 976998
10  undetected_chromedriver             0x000000010b4cdbd3 undetected_chromedriver + 920531
11  undetected_chromedriver             0x000000010b4998ff undetected_chromedriver + 706815
12  undetected_chromedriver             0x000000010b49adc1 undetected_chromedriver + 712129
13  undetected_chromedriver             0x000000010b9bc000 undetected_chromedriver + 6090752
14  undetected_chromedriver             0x000000010b9bfe95 undetected_chromedriver + 6106773
15  undetected_chromedriver             0x000000010b9972c7 undetected_chromedriver + 5939911
16  undetected_chromedriver             0x000000010b9c090f undetected_chromedriver + 6109455
17  undetected_chromedriver             0x000000010b986634 undetected_chromedriver + 5871156
18  undetected_chromedriver             0x000000010b9e2ab8 undetected_chromedriver + 6249144
19  undetected_chromedriver             0x000000010b9e2c7c undetected_chromedriver + 6249596
20  undetected_chromedriver             0x000000010b9f5341 undetected_chromedriver + 6325057
21  libsystem_pthread.dylib             0x00007ff815fdb18b _pthread_start + 99
22  libsystem_pthread.dylib             0x00007ff815fd6ae3 thread_start + 15

2025-09-04 13:01:40,613 - ERROR - 메인 실행 오류: 브라우저 초기화 최종 실패
2025-09-04 14:11:08,446 - INFO - 브라우저 초기화 시도 1/3
2025-09-04 14:11:08,923 - INFO - patching driver executable /Users/brich/Library/Application Support/undetected_chromedriver/undetected_chromedriver
2025-09-04 14:11:10,418 - INFO - 브라우저 초기화 성공
2025-09-04 14:11:10,429 - ERROR - 처리 중 오류: [Errno 2] No such file or directory: 'coupang_products_20250903_120440_preprocessed  coupang_products_20250903_120440.csv.csv'
2025-09-04 14:11:10,703 - INFO - 스크래퍼 종료 완료
2025-09-04 14:11:41,591 - INFO - 브라우저 초기화 시도 1/3
2025-09-04 14:11:42,018 - INFO - patching driver executable /Users/brich/Library/Application Support/undetected_chromedriver/undetected_chromedriver
2025-09-04 14:11:43,274 - INFO - 브라우저 초기화 성공
2025-09-04 14:11:43,306 - INFO - 처리할 상품: 10개
2025-09-04 14:11:43,308 - INFO - [1/10] Now Foods 실리마린 밀크 시슬 추출물 300mg 베지 캡슐 200정 
2025-09-04 14:11:43,310 - INFO - 검색: Now Foods 실리마린 밀크 시슬 추출물 300mg 베지 캡슐 200정
2025-09-04 14:11:50,405 - WARNING - Retrying (Retry(total=2, connect=None, read=None, redirect=None, status=None)) after connection broken by 'NewConnectionError('<urllib3.connection.HTTPConnection object at 0x11abfde50>: Failed to establish a new connection: [Errno 61] Connection refused')': /session/50c107dabdafe64d603f53923226b30c/cookie
2025-09-04 14:11:50,407 - WARNING - Retrying (Retry(total=1, connect=None, read=None, redirect=None, status=None)) after connection broken by 'NewConnectionError('<urllib3.connection.HTTPConnection object at 0x11abfdbd0>: Failed to establish a new connection: [Errno 61] Connection refused')': /session/50c107dabdafe64d603f53923226b30c/cookie
2025-09-04 14:11:50,415 - WARNING - Retrying (Retry(total=0, connect=None, read=None, redirect=None, status=None)) after connection broken by 'NewConnectionError('<urllib3.connection.HTTPConnection object at 0x11ab3fe10>: Failed to establish a new connection: [Errno 61] Connection refused')': /session/50c107dabdafe64d603f53923226b30c/cookie
2025-09-04 14:11:50,726 - INFO - 스크래퍼 종료 완료
2025-09-04 14:12:00,872 - INFO - 브라우저 초기화 시도 1/3
2025-09-04 14:12:01,758 - INFO - patching driver executable /Users/brich/Library/Application Support/undetected_chromedriver/undetected_chromedriver
2025-09-04 14:12:03,472 - INFO - 브라우저 초기화 성공
2025-09-04 14:12:03,495 - INFO - 처리할 상품: 10개
2025-09-04 14:12:03,496 - INFO - [1/10] Now Foods 실리마린 밀크 시슬 추출물 300mg 베지 캡슐 200정 
2025-09-04 14:12:03,497 - INFO - 검색: Now Foods 실리마린 밀크 시슬 추출물 300mg 베지 캡슐 200정
2025-09-04 14:12:16,114 - WARNING - 검색 결과 없음: Now Foods 실리마린 밀크 시슬 추출물 300mg 베지 캡슐 200정
2025-09-04 14:12:22,617 - INFO - [2/10] Now Foods 더블 스트랭스 L-아르기닌 1000mg 타블렛 120정 
2025-09-04 14:12:22,617 - INFO - 검색: Now Foods 더블 스트랭스 L 아르기닌 1000mg 타블렛 120정
2025-09-04 14:12:31,861 - WARNING - 검색 결과 없음: Now Foods 더블 스트랭스 L 아르기닌 1000mg 타블렛 120정
2025-09-04 14:12:36,131 - INFO - [3/10] Now Foods 프로바이오틱-10 유산균 250억 베지 캡슐 100정 
2025-09-04 14:12:36,132 - INFO - 검색: Now Foods 프로바이오틱 10 유산균 250억 베지 캡슐 100정
2025-09-04 14:12:41,202 - WARNING - Retrying (Retry(total=2, connect=None, read=None, redirect=None, status=None)) after connection broken by 'NewConnectionError('<urllib3.connection.HTTPConnection object at 0x115701e50>: Failed to establish a new connection: [Errno 61] Connection refused')': /session/ab944263c166de8467b87592e1ec70d4/cookie
2025-09-04 14:12:41,203 - WARNING - Retrying (Retry(total=1, connect=None, read=None, redirect=None, status=None)) after connection broken by 'NewConnectionError('<urllib3.connection.HTTPConnection object at 0x115701bd0>: Failed to establish a new connection: [Errno 61] Connection refused')': /session/ab944263c166de8467b87592e1ec70d4/cookie
2025-09-04 14:12:41,204 - WARNING - Retrying (Retry(total=0, connect=None, read=None, redirect=None, status=None)) after connection broken by 'NewConnectionError('<urllib3.connection.HTTPConnection object at 0x11563fe10>: Failed to establish a new connection: [Errno 61] Connection refused')': /session/ab944263c166de8467b87592e1ec70d4/cookie
2025-09-04 14:12:41,679 - INFO - 스크래퍼 종료 완료
2025-09-04 14:19:35,683 - INFO - 브라우저 초기화 시도 1/3
2025-09-04 14:19:36,144 - INFO - patching driver executable /Users/brich/Library/Application Support/undetected_chromedriver/undetected_chromedriver
2025-09-04 14:19:45,029 - INFO - 브라우저 초기화 성공
2025-09-04 14:19:45,074 - INFO - 처리할 상품: 10개 (전체: 10개)
2025-09-04 14:19:45,077 - INFO - [1/10] Now Foods 실리마린 밀크 시슬 추출물 300mg 베지 캡슐 200정 
2025-09-04 14:19:45,080 - INFO - 검색: Now Foods 실리마린 밀크 시슬 추출물 300mg 베지 캡슐 200정
2025-09-04 14:19:45,080 - INFO - 페이지 로딩: https://kr.iherb.com/search?kw=Now%20Foods%20%EC%8B%A4%EB%A6%AC%EB%A7%88%EB%A6%B0%20%EB%B0%80%ED%81%AC%20%EC%8B%9C%EC%8A%AC%20%EC%B6%94%EC%B6%9C%EB%AC%BC%20300mg%20%EB%B2%A0%EC%A7%80%20%EC%BA%A1%EC%8A%90%20200%EC%A0%95
2025-09-04 14:19:56,235 - INFO - 현재 URL: https://kr.iherb.com/search?kw=Now%20Foods%20%EC%8B%A4%EB%A6%AC%EB%A7%88%EB%A6%B0%20%EB%B0%80%ED%81%AC%20%EC%8B%9C%EC%8A%AC%20%EC%B6%94%EC%B6%9C%EB%AC%BC%20300mg%20%EB%B2%A0%EC%A7%80%20%EC%BA%A1%EC%8A%90%20200%EC%A0%95
2025-09-04 14:19:56,239 - INFO - 페이지 제목: 검색 - Now Foods 실리마린 밀크 시슬 추출물 300mg 베지 캡슐 200정
2025-09-04 14:19:56,239 - INFO - 선택자 1 시도: .product-cell-container .absolute-link.product-link
2025-09-04 14:19:56,262 - INFO - 찾은 요소 개수: 48
2025-09-04 14:19:56,270 - INFO - 상품 URL 발견: https://kr.iherb.com/pr/now-foods-milk-thistle-extract-300-mg-200-veg-capsules/13870
2025-09-04 14:19:56,270 - INFO - 페이지 로딩: https://kr.iherb.com/pr/now-foods-milk-thistle-extract-300-mg-200-veg-capsules/13870
2025-09-04 14:20:08,595 - INFO - 추출 완료 - 상품명: NOW Foods, 밀크시슬 추출물, 300mg, 베지 캡슐 200정, 코드: NOW-04753
2025-09-04 14:20:08,596 - INFO - ✅ 성공: NOW-04753
2025-09-04 14:20:14,467 - INFO - [2/10] Now Foods 더블 스트랭스 L-아르기닌 1000mg 타블렛 120정 
2025-09-04 14:20:14,467 - INFO - 검색: Now Foods 더블 스트랭스 L 아르기닌 1000mg 타블렛 120정
2025-09-04 14:20:14,467 - INFO - 페이지 로딩: https://kr.iherb.com/search?kw=Now%20Foods%20%EB%8D%94%EB%B8%94%20%EC%8A%A4%ED%8A%B8%EB%9E%AD%EC%8A%A4%20L%20%EC%95%84%EB%A5%B4%EA%B8%B0%EB%8B%8C%201000mg%20%ED%83%80%EB%B8%94%EB%A0%9B%20120%EC%A0%95
2025-09-04 14:20:25,068 - INFO - 현재 URL: https://kr.iherb.com/search?kw=Now%20Foods%20%EB%8D%94%EB%B8%94%20%EC%8A%A4%ED%8A%B8%EB%9E%AD%EC%8A%A4%20L%20%EC%95%84%EB%A5%B4%EA%B8%B0%EB%8B%8C%201000mg%20%ED%83%80%EB%B8%94%EB%A0%9B%20120%EC%A0%95
2025-09-04 14:20:25,072 - INFO - 페이지 제목: 검색 - Now Foods 더블 스트랭스 L 아르기닌 1000mg 타블렛 120정
2025-09-04 14:20:25,072 - INFO - 선택자 1 시도: .product-cell-container .absolute-link.product-link
2025-09-04 14:20:25,080 - INFO - 찾은 요소 개수: 9
2025-09-04 14:20:25,084 - INFO - 상품 URL 발견: https://kr.iherb.com/pr/now-foods-l-arginine-1-000-mg-120-tablets/411
2025-09-04 14:20:25,085 - INFO - 페이지 로딩: https://kr.iherb.com/pr/now-foods-l-arginine-1-000-mg-120-tablets/411
2025-09-04 14:20:41,224 - INFO - 추출 완료 - 상품명: NOW Foods, l-아르기닌, 1,000mg, 120정, 코드: NOW-00035
2025-09-04 14:20:41,225 - INFO - ✅ 성공: NOW-00035
2025-09-04 14:20:46,675 - INFO - [3/10] Now Foods 프로바이오틱-10 유산균 250억 베지 캡슐 100정 
2025-09-04 14:20:46,675 - INFO - 검색: Now Foods 프로바이오틱 10 유산균 250억 베지 캡슐 100정
2025-09-04 14:20:46,675 - INFO - 페이지 로딩: https://kr.iherb.com/search?kw=Now%20Foods%20%ED%94%84%EB%A1%9C%EB%B0%94%EC%9D%B4%EC%98%A4%ED%8B%B1%2010%20%EC%9C%A0%EC%82%B0%EA%B7%A0%20250%EC%96%B5%20%EB%B2%A0%EC%A7%80%20%EC%BA%A1%EC%8A%90%20100%EC%A0%95
2025-09-04 14:20:58,678 - INFO - 현재 URL: https://kr.iherb.com/search?kw=Now%20Foods%20%ED%94%84%EB%A1%9C%EB%B0%94%EC%9D%B4%EC%98%A4%ED%8B%B1%2010%20%EC%9C%A0%EC%82%B0%EA%B7%A0%20250%EC%96%B5%20%EB%B2%A0%EC%A7%80%20%EC%BA%A1%EC%8A%90%20100%EC%A0%95
2025-09-04 14:20:58,682 - INFO - 페이지 제목: 검색 - Now Foods 프로바이오틱 10 유산균 250억 베지 캡슐 100정
2025-09-04 14:20:58,682 - INFO - 선택자 1 시도: .product-cell-container .absolute-link.product-link
2025-09-04 14:20:58,700 - INFO - 찾은 요소 개수: 48
2025-09-04 14:20:58,706 - INFO - 상품 URL 발견: https://kr.iherb.com/pr/now-foods-probiotic-10-25-billion-100-veg-capsules/64505
2025-09-04 14:20:58,706 - INFO - 페이지 로딩: https://kr.iherb.com/pr/now-foods-probiotic-10-25-billion-100-veg-capsules/64505
2025-09-04 14:21:10,320 - INFO - 추출 완료 - 상품명: NOW Foods, 프로바이오틱-10, 250억, 베지 캡슐 100정, 코드: NOW-02933
2025-09-04 14:21:10,321 - INFO - ✅ 성공: NOW-02933
2025-09-04 14:21:16,264 - INFO - [4/10] Now Foods 울트라 오메가 3 500 EPA & 250 DHA 1000mg 피쉬 소프트젤 180정 
2025-09-04 14:21:16,264 - INFO - 검색: Now Foods 울트라 오메가 3 500 EPA 250 DHA 1000mg 피쉬 소프트젤 180정
2025-09-04 14:21:16,264 - INFO - 페이지 로딩: https://kr.iherb.com/search?kw=Now%20Foods%20%EC%9A%B8%ED%8A%B8%EB%9D%BC%20%EC%98%A4%EB%A9%94%EA%B0%80%203%20500%20EPA%20250%20DHA%201000mg%20%ED%94%BC%EC%89%AC%20%EC%86%8C%ED%94%84%ED%8A%B8%EC%A0%A4%20180%EC%A0%95
2025-09-04 14:21:27,786 - INFO - 현재 URL: https://kr.iherb.com/search?kw=Now%20Foods%20%EC%9A%B8%ED%8A%B8%EB%9D%BC%20%EC%98%A4%EB%A9%94%EA%B0%80%203%20500%20EPA%20250%20DHA%201000mg%20%ED%94%BC%EC%89%AC%20%EC%86%8C%ED%94%84%ED%8A%B8%EC%A0%A4%20180%EC%A0%95
2025-09-04 14:21:27,790 - INFO - 페이지 제목: 검색 - Now Foods 울트라 오메가 3 500 EPA 250 DHA 1000mg 피쉬 소프트젤 180정
2025-09-04 14:21:27,791 - INFO - 선택자 1 시도: .product-cell-container .absolute-link.product-link
2025-09-04 14:21:27,813 - INFO - 찾은 요소 개수: 48
2025-09-04 14:21:27,819 - INFO - 상품 URL 발견: https://kr.iherb.com/pr/now-foods-ultra-omega-3-fish-oil-180-fish-softgels/96436
2025-09-04 14:21:27,819 - INFO - 페이지 로딩: https://kr.iherb.com/pr/now-foods-ultra-omega-3-fish-oil-180-fish-softgels/96436
2025-09-04 14:21:36,744 - INFO - 추출 완료 - 상품명: NOW Foods, 울트라 오메가-3 피쉬 오일, 피쉬 소프트젤 180정, 코드: NOW-01665
2025-09-04 14:21:36,745 - INFO - ✅ 성공: NOW-01665
2025-09-04 14:21:42,689 - INFO - [5/10] Now Foods 데일리 비츠 멀티비타민 & 미네랄 타블렛 250정 
2025-09-04 14:21:42,690 - INFO - 검색: Now Foods 데일리 비츠 멀티비타민 미네랄 타블렛 250정
2025-09-04 14:21:42,690 - INFO - 페이지 로딩: https://kr.iherb.com/search?kw=Now%20Foods%20%EB%8D%B0%EC%9D%BC%EB%A6%AC%20%EB%B9%84%EC%B8%A0%20%EB%A9%80%ED%8B%B0%EB%B9%84%ED%83%80%EB%AF%BC%20%EB%AF%B8%EB%84%A4%EB%9E%84%20%ED%83%80%EB%B8%94%EB%A0%9B%20250%EC%A0%95
2025-09-04 14:21:53,072 - INFO - 현재 URL: https://kr.iherb.com/search?kw=Now%20Foods%20%EB%8D%B0%EC%9D%BC%EB%A6%AC%20%EB%B9%84%EC%B8%A0%20%EB%A9%80%ED%8B%B0%EB%B9%84%ED%83%80%EB%AF%BC%20%EB%AF%B8%EB%84%A4%EB%9E%84%20%ED%83%80%EB%B8%94%EB%A0%9B%20250%EC%A0%95
2025-09-04 14:21:53,075 - INFO - 페이지 제목: 검색 - Now Foods 데일리 비츠 멀티비타민 미네랄 타블렛 250정
2025-09-04 14:21:53,075 - INFO - 선택자 1 시도: .product-cell-container .absolute-link.product-link
2025-09-04 14:21:53,087 - INFO - 찾은 요소 개수: 48
2025-09-04 14:21:53,091 - INFO - 상품 URL 발견: https://kr.iherb.com/pr/now-foods-daily-vits-multi-vitamin-mineral-250-tablets/528
2025-09-04 14:21:53,092 - INFO - 페이지 로딩: https://kr.iherb.com/pr/now-foods-daily-vits-multi-vitamin-mineral-250-tablets/528
2025-09-04 14:22:04,231 - INFO - 추출 완료 - 상품명: NOW Foods, Daily Vits, 250정, 코드: NOW-03771
2025-09-04 14:22:04,231 - INFO - ✅ 성공: NOW-03771
2025-09-04 14:22:04,238 - INFO - 중간 저장: 5개
2025-09-04 14:22:09,840 - INFO - [6/10] Now Foods 멀레큐럴리 디스틸드 오메가3 1000mg 피쉬 소프트젤 200정 
2025-09-04 14:22:09,841 - INFO - 검색: Now Foods 멀레큐럴리 디스틸드 오메가3 1000mg 피쉬 소프트젤 200정
2025-09-04 14:22:09,841 - INFO - 페이지 로딩: https://kr.iherb.com/search?kw=Now%20Foods%20%EB%A9%80%EB%A0%88%ED%81%90%EB%9F%B4%EB%A6%AC%20%EB%94%94%EC%8A%A4%ED%8B%B8%EB%93%9C%20%EC%98%A4%EB%A9%94%EA%B0%803%201000mg%20%ED%94%BC%EC%89%AC%20%EC%86%8C%ED%94%84%ED%8A%B8%EC%A0%A4%20200%EC%A0%95
2025-09-04 14:22:19,001 - INFO - 현재 URL: https://kr.iherb.com/search?kw=Now%20Foods%20%EB%A9%80%EB%A0%88%ED%81%90%EB%9F%B4%EB%A6%AC%20%EB%94%94%EC%8A%A4%ED%8B%B8%EB%93%9C%20%EC%98%A4%EB%A9%94%EA%B0%803%201000mg%20%ED%94%BC%EC%89%AC%20%EC%86%8C%ED%94%84%ED%8A%B8%EC%A0%A4%20200%EC%A0%95
2025-09-04 14:22:19,005 - INFO - 페이지 제목: 검색 - Now Foods 멀레큐럴리 디스틸드 오메가3 1000mg 피쉬 소프트젤 200정
2025-09-04 14:22:19,005 - INFO - 선택자 1 시도: .product-cell-container .absolute-link.product-link
2025-09-04 14:22:19,012 - INFO - 찾은 요소 개수: 0
2025-09-04 14:22:19,012 - INFO - 선택자 2 시도: .product-cell .absolute-link.product-link
2025-09-04 14:22:19,070 - INFO - 찾은 요소 개수: 0
2025-09-04 14:22:19,070 - INFO - 선택자 3 시도: .absolute-link.product-link
2025-09-04 14:22:19,090 - INFO - 찾은 요소 개수: 38
2025-09-04 14:22:19,095 - INFO - 상품 URL 발견: https://kr.iherb.com/pr/now-foods-ultra-omega-3-d-600-epa-300-dha-180-fish-softgels/68700
2025-09-04 14:22:19,095 - INFO - 페이지 로딩: https://kr.iherb.com/pr/now-foods-ultra-omega-3-d-600-epa-300-dha-180-fish-softgels/68700
2025-09-04 14:22:28,927 - INFO - 추출 완료 - 상품명: NOW Foods, Ultra Omega 3-D, EPA 600/DHA 300, 피쉬 소프트젤 180정, 코드: NOW-01664
2025-09-04 14:22:28,927 - INFO - ✅ 성공: NOW-01664
2025-09-04 14:22:34,510 - INFO - [7/10] Now Foods 아연 50mg 250정 
2025-09-04 14:22:34,511 - INFO - 검색: Now Foods 아연 50mg 250정
2025-09-04 14:22:34,511 - INFO - 페이지 로딩: https://kr.iherb.com/search?kw=Now%20Foods%20%EC%95%84%EC%97%B0%2050mg%20250%EC%A0%95
2025-09-04 14:22:46,461 - INFO - 현재 URL: https://kr.iherb.com/search?kw=Now%20Foods%20%EC%95%84%EC%97%B0%2050mg%20250%EC%A0%95
2025-09-04 14:22:46,465 - INFO - 페이지 제목: 검색 - Now Foods 아연 50mg 250정
2025-09-04 14:22:46,465 - INFO - 선택자 1 시도: .product-cell-container .absolute-link.product-link
2025-09-04 14:22:46,477 - INFO - 찾은 요소 개수: 48
2025-09-04 14:22:46,481 - INFO - 상품 URL 발견: https://kr.iherb.com/pr/now-foods-zinc-50-mg-250-tablets/883
2025-09-04 14:22:46,481 - INFO - 페이지 로딩: https://kr.iherb.com/pr/now-foods-zinc-50-mg-250-tablets/883
2025-09-04 14:22:57,540 - INFO - 추출 완료 - 상품명: NOW Foods, 아연, 50mg, 250정, 코드: NOW-01522
2025-09-04 14:22:57,540 - INFO - ✅ 성공: NOW-01522
2025-09-04 14:23:03,613 - INFO - [8/10] Now Foods 글루타티온 500mg 베지 캡슐 60정 
2025-09-04 14:23:03,614 - INFO - 검색: Now Foods 글루타티온 500mg 베지 캡슐 60정
2025-09-04 14:23:03,614 - INFO - 페이지 로딩: https://kr.iherb.com/search?kw=Now%20Foods%20%EA%B8%80%EB%A3%A8%ED%83%80%ED%8B%B0%EC%98%A8%20500mg%20%EB%B2%A0%EC%A7%80%20%EC%BA%A1%EC%8A%90%2060%EC%A0%95
2025-09-04 14:23:12,164 - INFO - 현재 URL: https://kr.iherb.com/search?kw=Now%20Foods%20%EA%B8%80%EB%A3%A8%ED%83%80%ED%8B%B0%EC%98%A8%20500mg%20%EB%B2%A0%EC%A7%80%20%EC%BA%A1%EC%8A%90%2060%EC%A0%95
2025-09-04 14:23:12,168 - INFO - 페이지 제목: 검색 - Now Foods 글루타티온 500mg 베지 캡슐 60정
2025-09-04 14:23:12,168 - INFO - 선택자 1 시도: .product-cell-container .absolute-link.product-link
2025-09-04 14:23:12,181 - INFO - 찾은 요소 개수: 48
2025-09-04 14:23:12,186 - INFO - 상품 URL 발견: https://kr.iherb.com/pr/now-foods-glutathione-500-mg-60-veg-capsules/12678
2025-09-04 14:23:12,186 - INFO - 페이지 로딩: https://kr.iherb.com/pr/now-foods-glutathione-500-mg-60-veg-capsules/12678
2025-09-04 14:23:23,145 - INFO - 추출 완료 - 상품명: NOW Foods, 글루타치온, 500mg, 베지 캡슐 60정, 코드: NOW-00104
2025-09-04 14:23:23,145 - INFO - ✅ 성공: NOW-00104
2025-09-04 14:23:27,487 - INFO - [9/10] Now Foods L-카르니틴 1000 mg 타블렛 100정 
2025-09-04 14:23:27,487 - INFO - 검색: Now Foods L 카르니틴 1000 mg 타블렛 100정
2025-09-04 14:23:27,487 - INFO - 페이지 로딩: https://kr.iherb.com/search?kw=Now%20Foods%20L%20%EC%B9%B4%EB%A5%B4%EB%8B%88%ED%8B%B4%201000%20mg%20%ED%83%80%EB%B8%94%EB%A0%9B%20100%EC%A0%95
2025-09-04 14:23:38,478 - INFO - 현재 URL: https://kr.iherb.com/search?kw=Now%20Foods%20L%20%EC%B9%B4%EB%A5%B4%EB%8B%88%ED%8B%B4%201000%20mg%20%ED%83%80%EB%B8%94%EB%A0%9B%20100%EC%A0%95
2025-09-04 14:23:38,482 - INFO - 페이지 제목: 검색 - Now Foods L 카르니틴 1000 mg 타블렛 100정
2025-09-04 14:23:38,482 - INFO - 선택자 1 시도: .product-cell-container .absolute-link.product-link
2025-09-04 14:23:38,493 - INFO - 찾은 요소 개수: 42
2025-09-04 14:23:38,497 - INFO - 상품 URL 발견: https://kr.iherb.com/pr/now-foods-l-carnitine-1-000-mg-50-tablets/120060
2025-09-04 14:23:38,497 - INFO - 페이지 로딩: https://kr.iherb.com/pr/now-foods-l-carnitine-1-000-mg-50-tablets/120060
2025-09-04 14:23:48,559 - INFO - 추출 완료 - 상품명: NOW Foods, l-카르니틴, 1,000mg, 50정, 코드: NOW-00067
2025-09-04 14:23:48,559 - INFO - ✅ 성공: NOW-00067
2025-09-04 14:23:55,983 - INFO - [10/10] Now Foods 마그네슘 캡 400mg 베지 캡슐 180정 
2025-09-04 14:23:55,984 - INFO - 검색: Now Foods 마그네슘 캡 400mg 베지 캡슐 180정
2025-09-04 14:23:55,984 - INFO - 페이지 로딩: https://kr.iherb.com/search?kw=Now%20Foods%20%EB%A7%88%EA%B7%B8%EB%84%A4%EC%8A%98%20%EC%BA%A1%20400mg%20%EB%B2%A0%EC%A7%80%20%EC%BA%A1%EC%8A%90%20180%EC%A0%95
2025-09-04 14:24:06,951 - INFO - 현재 URL: https://kr.iherb.com/search?kw=Now%20Foods%20%EB%A7%88%EA%B7%B8%EB%84%A4%EC%8A%98%20%EC%BA%A1%20400mg%20%EB%B2%A0%EC%A7%80%20%EC%BA%A1%EC%8A%90%20180%EC%A0%95
2025-09-04 14:24:06,961 - INFO - 페이지 제목: 검색 - Now Foods 마그네슘 캡 400mg 베지 캡슐 180정
2025-09-04 14:24:06,961 - INFO - 선택자 1 시도: .product-cell-container .absolute-link.product-link
2025-09-04 14:24:07,022 - INFO - 찾은 요소 개수: 48
2025-09-04 14:24:07,033 - INFO - 상품 URL 발견: https://kr.iherb.com/pr/now-foods-magnesium-caps-400-mg-180-veg-capsules/662
2025-09-04 14:24:07,033 - INFO - 페이지 로딩: https://kr.iherb.com/pr/now-foods-magnesium-caps-400-mg-180-veg-capsules/662
2025-09-04 14:24:16,412 - INFO - 추출 완료 - 상품명: NOW Foods, 마그네슘 캡슐, 400mg, 베지 캡슐 180정, 코드: NOW-01283
2025-09-04 14:24:16,412 - INFO - ✅ 성공: NOW-01283
2025-09-04 14:24:16,414 - INFO - 중간 저장: 10개
2025-09-04 14:24:21,592 - WARNING - Retrying (Retry(total=2, connect=None, read=None, redirect=None, status=None)) after connection broken by 'ConnectionResetError(54, 'Connection reset by peer')': /session/34d300d3517dc672c17e335147037d48/cookie
2025-09-04 14:24:21,593 - WARNING - Retrying (Retry(total=1, connect=None, read=None, redirect=None, status=None)) after connection broken by 'NewConnectionError('<urllib3.connection.HTTPConnection object at 0x111111e50>: Failed to establish a new connection: [Errno 61] Connection refused')': /session/34d300d3517dc672c17e335147037d48/cookie
2025-09-04 14:24:21,594 - WARNING - Retrying (Retry(total=0, connect=None, read=None, redirect=None, status=None)) after connection broken by 'NewConnectionError('<urllib3.connection.HTTPConnection object at 0x111111bd0>: Failed to establish a new connection: [Errno 61] Connection refused')': /session/34d300d3517dc672c17e335147037d48/cookie
2025-09-04 14:24:22,431 - INFO - 스크래퍼 종료 완료
